     1     1
     -4.6306602996537549E-10      2.6733779219763845E+00      0.0000000000000000E+00
          0.6622480332575402         -0.0000006186974922          0.0000005136712485
         -0.0000005575920673          0.6622531302585195         -0.0000009035881251
          0.0000000036687025         -0.0000000693483526          0.1523509770517315
     1     2
     -2.3152131956130200E+00      1.3366889605251295E+00      0.0000000000000000E+00
         -0.2333318403101298         -0.0710155679196252         -0.0000001342623539
         -0.0710154443427799         -0.1513269393762224         -0.0000005815743500
          0.0000005837402557         -0.0000001501920934         -0.0658868154249144
     1     3
     -4.6301984468755109E-10      5.3467558448788148E+00      0.0000000000000000E+00
         -0.1103296085645207          0.0000003330474233          0.0000000893421572
         -0.0000007373043459         -0.2743288169471835          0.0000005456282172
          0.0000001175999214         -0.0000002847974514         -0.0658871066165995
     1     4
      2.3152131946869803E+00      1.3366889605251295E+00      0.0000000000000000E+00
         -0.2333320012404371          0.0710193186694156          0.0000002977829181
          0.0710182568281618         -0.1513270308868654         -0.0000001844884594
         -0.0000004463799710          0.0000002109220029         -0.0658863681493293
     1     5
     -2.3152131956130662E+00     -1.3366889623773006E+00      0.0000000000000000E+00
          0.0087343337575977         -0.0360745587514204          0.0000004910894892
         -0.0300363253670053         -0.0294360663965254          0.0000001596448317
         -0.0000000264609696          0.0000000198279065          0.0055030924496772
     1     6
     -4.6304263907630663E+00      2.6733779219763845E+00      0.0000000000000000E+00
         -0.0485206814754012          0.0030183199768681         -0.0000003167457951
         -0.0030193448682648          0.0278189456169499         -0.0000002289953603
         -0.0000000617384891         -0.0000000428412005          0.0055030924496782
     1     7
      2.3152131946869341E+00     -1.3366889623773006E+00      0.0000000000000000E+00
          0.0087343337575965          0.0360746386216505         -0.0000000754778216
          0.0300367067580151         -0.0294360686285016          0.0000001549903490
          0.0000000004652002         -0.0000000069278838          0.0055030924496779
     1     8
     -2.3152131956130662E+00      6.6834448063300691E+00      0.0000000000000000E+00
          0.0087342915839327          0.0300366765466488         -0.0000001288227663
          0.0360746429125616         -0.0294360252104070          0.0000001029056487
         -0.0000000041339028          0.0000000069373684          0.0055030924496779
     1     9
      4.6304263898369342E+00      2.6733779219763845E+00      0.0000000000000000E+00
         -0.0485206814754012         -0.0030194176702924         -0.0000003866628232
          0.0030183622696058          0.0278189488364719         -0.0000000857655076
          0.0000000181931640          0.0000000198279065          0.0055030924496782
     1    10
      2.3152131946869341E+00      6.6834448063300691E+00      0.0000000000000000E+00
          0.0087342915839341         -0.0300364044751761          0.0000000447615421
         -0.0360745227648261         -0.0294360274423836          0.0000002386225430
          0.0000000626688895         -0.0000000428412005          0.0055030924496772
     1    11
     -4.6304263907630201E+00      5.3467558448788148E+00      0.0000000000000000E+00
          0.0016626609944285         -0.0128737891993519          0.0000001684823466
         -0.0128748157442693         -0.0132044012280150          0.0000000081644844
          0.0000001982855638          0.0000000180974202         -0.0041745185108102
     1    12
     -4.6301940059834124E-10     -2.6733779238285558E+00      0.0000000000000000E+00
         -0.0206365635428054          0.0000002395742912         -0.0000000955592275
         -0.0000011947365199          0.0090957182259300         -0.0000001526712645
         -0.0000001204511860         -0.0000000960487829         -0.0041755802049821
     1    13
      4.6304263898369804E+00      5.3467558448788148E+00      0.0000000000000000E+00
          0.0016630548433783          0.0128730378222529         -0.0000001017577263
          0.0128752353453216         -0.0132043985152220          0.0000002482775269
         -0.0000001128905506          0.0000001924981771         -0.0041751274050532
     1    14
     -6.9456395859130202E+00      1.3366889605251295E+00      0.0000000000000000E+00
          0.0018428514599497          0.0075229701158266         -0.0000001001521920
          0.0075243518625701          0.0001210179678856         -0.0000002710308931
          0.0000001995418420         -0.0000001400409066          0.0051188686949787
     1    15
     -2.3152131956130195E+00      9.3568227292325012E+00      0.0000000000000000E+00
         -0.0059637346439587          0.0030164565402526         -0.0000001383606690
          0.0030163998438211          0.0079271307685510          0.0000001318396066
         -0.0000000698031439         -0.0000001568576824          0.0051174755891333
     1    16
     -4.6304263907630201E+00     -2.6733779238285558E+00      0.0000000000000000E+00
          0.0070637471445167          0.0045048078814412          0.0000000143096815
          0.0045058970568308         -0.0051009766782677         -0.0000002851029776
          0.0000002368768838         -0.0000001119420468          0.0051183481500514
     1    17
      2.3152131946869812E+00      9.3568227292325012E+00      0.0000000000000000E+00
         -0.0059638955660412         -0.0030159925993447          0.0000003187441477
         -0.0030164464346689          0.0079270142108161          0.0000001867763824
          0.0000002589775673         -0.0000001312002093          0.0051197687732169
     1    18
      4.6304263898369804E+00     -2.6733779238285558E+00      0.0000000000000000E+00
          0.0070641409965727         -0.0045060015667811          0.0000002741679678
         -0.0045060935677396         -0.0051009990079253          0.0000000461491852
          0.0000000054416914          0.0000002120409567          0.0051195851638302
     1    19
      6.9456395849869805E+00      1.3366889605251295E+00      0.0000000000000000E+00
          0.0018426413665627         -0.0075206433182016         -0.0000000227378372
         -0.0075208988541211          0.0001208798484577         -0.0000003068857797
         -0.0000002811944913         -0.0000001769563263          0.0051174480663708
     1    20
     -6.9456395859130664E+00     -1.3366889623773006E+00      0.0000000000000000E+00
         -0.0043723748913525         -0.0019378246166024         -0.0000001761397628
         -0.0019376008432519         -0.0021350281302103          0.0000003315166167
         -0.0000000073402681         -0.0000000347251958         -0.0007589027540926
     1    21
     -4.6306602996537549E-10     -5.3467558467309857E+00      0.0000000000000000E+00
         -0.0010161916082612         -0.0000000258444556          0.0000008551978969
         -0.0000000683243291         -0.0054911916032010         -0.0000000976550732
          0.0000000281487506         -0.0000000142356014         -0.0007589027540923
     1    22
     -6.9456395859130673E+00      6.6834448063300691E+00      0.0000000000000000E+00
         -0.0043723921447294          0.0019377661623381         -0.0000003172156449
          0.0019377236824646         -0.0021349861024111         -0.0000006910970504
         -0.0000000318203160         -0.0000000205916336         -0.0007589027540927
     1    23
      6.9456395849869343E+00     -1.3366889623773006E+00      0.0000000000000000E+00
         -0.0043723748913523          0.0019376957886072         -0.0000002465144743
          0.0019377835236995         -0.0021350306123711          0.0000004531875963
         -0.0000000208113453         -0.0000000142356014         -0.0007589027540927
     1    24
     -4.6306691814379519E-10      1.0693511690683755E+01      0.0000000000000000E+00
         -0.0010162775837627         -0.0000001150631241         -0.0000003546130930
         -0.0000000273280317         -0.0054911229556397          0.0000004205098501
          0.0000000391577213         -0.0000000205916336         -0.0007589027540923
     1    25
      6.9456395849869335E+00      6.6834448063300691E+00      0.0000000000000000E+00
         -0.0043723921447297         -0.0019377027890906          0.0000003495433422
         -0.0019378022452913         -0.0021349885845717         -0.0000006572666025
          0.0000000146776733         -0.0000000347251959         -0.0007589027540926
     1    26
     -4.6304263907630672E+00     -5.3467558467309857E+00      0.0000000000000000E+00
          0.0019298818720583         -0.0015951582094166         -0.0000006001292499
         -0.0017304933589562          0.0000087293509086         -0.0000004308824041
         -0.0000000363912695          0.0000000436196571          0.0001059119924619
     1    27
     -9.2608527810630665E+00      2.6733779219763845E+00      0.0000000000000000E+00
         -0.0009510558234763         -0.0000680179009193          0.0000006684865376
          0.0000671648677835          0.0028896664639879          0.0000003573017963
         -0.0000000123126531         -0.0000000141217039          0.0001059119924625
     1    28
      4.6304263898369342E+00     -5.3467558467309857E+00      0.0000000000000000E+00
          0.0019298818720572          0.0015952462220648         -0.0000003583579180
          0.0017304892957717          0.0000087325704305         -0.0000002312414884
         -0.0000000041339028         -0.0000000093997003          0.0001059119924623
     1    29
      9.2608527801369327E+00      2.6733779219763845E+00      0.0000000000000000E+00
         -0.0009510558234763          0.0000670977528750         -0.0000004097864992
         -0.0000679769667329          0.0028896670464408          0.0000000604625955
          0.0000000373216698          0.0000000436196571          0.0001059119924625
     1    30
     -4.6304263907630672E+00      1.0693511690683755E+01      0.0000000000000000E+00
          0.0019298235075510          0.0017304901511592          0.0000004074807778
          0.0015952153066238          0.0000087839134400          0.0000001000336444
          0.0000000004652002          0.0000000223405644          0.0001059119924623
     1    31
      4.6304263898369342E+00      1.0693511690683755E+01      0.0000000000000000E+00
          0.0019298235075522         -0.0017305805758479          0.0000000912728563
         -0.0015951373772135          0.0000087871329618          0.0000004033734866
          0.0000000040448475         -0.0000000141217039          0.0001059119924619
     1    32
     -9.2608527810630203E+00      5.3467558448788148E+00      0.0000000000000000E+00
          0.0022470896640072          0.0000089201063326          0.0000000827183091
          0.0000085815376543         -0.0018866400203077         -0.0000000357330161
         -0.0000000209391199          0.0000000451830740          0.0000791985058345
     1    33
     -6.9456395859130202E+00      9.3568227292325012E+00      0.0000000000000000E+00
         -0.0008609786952734         -0.0017856602829627         -0.0000001931156945
         -0.0017857628812932          0.0012217255796330          0.0000000418234686
         -0.0000002825680035          0.0000001247684524          0.0000781806378717
     1    34
     -2.3152131956130200E+00     -6.6834448081822400E+00      0.0000000000000000E+00
         -0.0008457401647126          0.0017950964454254         -0.0000000633717335
          0.0017944919491008          0.0012062147169347          0.0000000181906007
         -0.0000001221118282         -0.0000001054624241          0.0000783583367775
     1    35
      6.9456395849869814E+00      9.3568227292325012E+00      0.0000000000000000E+00
         -0.0008611887743199          0.0017855394151639          0.0000000575137163
          0.0017856162789921          0.0012216193535367          0.0000001236177000
          0.0000002010822279          0.0000002058654505          0.0000793325954120
     1    36
      9.2608527801369807E+00      5.3467558448788148E+00      0.0000000000000000E+00
          0.0022474260970952         -0.0000087309444402         -0.0000002407030423
         -0.0000083247403057         -0.0018868307305094         -0.0000000142167788
         -0.0000001422136271         -0.0000000079590835          0.0000783803338262
     1    37
      2.3152131946869803E+00     -6.6834448081822400E+00      0.0000000000000000E+00
         -0.0008459010837573         -0.0017943596071334          0.0000000303099049
         -0.0017944999398327          0.0012061801540798          0.0000003253157205
          0.0000000450851912          0.0000001879707579          0.0000795322927124
     1    38
     -9.2608527810630203E+00     -2.6733779238285558E+00      0.0000000000000000E+00
          0.0033705256418096          0.0021016432001515         -0.0000001901225949
          0.0021011936995925          0.0009430229790993         -0.0000001049640000
          0.0000001166218849          0.0000000810445518         -0.0006487564514892
     1    39
     -4.6301984468755109E-10      1.3366889613586183E+01      0.0000000000000000E+00
         -0.0002696209968369         -0.0000005609804761          0.0000001983854456
         -0.0000003769731842          0.0045830687107526          0.0000003216122427
          0.0000001863723097         -0.0000000409306188         -0.0006485088691324
     1    40
      9.2608527801369807E+00     -2.6733779238285558E+00      0.0000000000000000E+00
          0.0033708620784687         -0.0021017769685211         -0.0000000376481537
         -0.0021017276151432          0.0009428892135937         -0.0000001572214811
         -0.0000003374869334          0.0000000281591670         -0.0006488479442764
     1    41
     -1.1576065976213020E+01      1.3366889605251295E+00      0.0000000000000000E+00
         -0.0000605549132858         -0.0002801819119948         -0.0000000681289351
         -0.0002797187964179         -0.0008377677006912         -0.0000000714755543
         -0.0000000422913442          0.0000001596295320         -0.0002556966367769
     1    42
     -4.6304263907630201E+00      1.3366889613586183E+01      0.0000000000000000E+00
         -0.0004008492947469         -0.0004763195283201          0.0000000467762016
         -0.0004763395307451         -0.0004972970036880          0.0000000978305390
         -0.0000001717500730         -0.0000000215943140         -0.0002559832545252
     1    43
     -6.9456395859130202E+00     -6.6834448081822400E+00      0.0000000000000000E+00
         -0.0008871601453338          0.0001945534737709         -0.0000001767076180
          0.0001947083155660         -0.0000104674985965          0.0000001176613750
          0.0000000610890574          0.0000000019222018         -0.0002565636881275
     1    44
      4.6304263898369804E+00      1.3366889613586183E+01      0.0000000000000000E+00
         -0.0004004554396178          0.0004760057514926         -0.0000001759048933
          0.0004753979583762         -0.0004970973654207          0.0000000989962263
          0.0000000328794979         -0.0000000579263591         -0.0002567308105799
     1    45
      6.9456395849869796E+00     -6.6834448081822400E+00      0.0000000000000000E+00
         -0.0008873702259915         -0.0001947618879402          0.0000001859438135
         -0.0001948403319496         -0.0000104337512531          0.0000001425197841
         -0.0000000550027895          0.0000000631409564         -0.0002562770731361
     1    46
      1.1576065975286980E+01      1.3366889605251295E+00      0.0000000000000000E+00
         -0.0000607194686466          0.0002827468775120          0.0000000249888939
          0.0002823730170618         -0.0008377797782755         -0.0000000611501898
          0.0000000133809545          0.0000001768929554         -0.0002556856083465
     1    47
     -4.6306602996537549E-10      2.6733779219763845E+00     -1.2000000000000000E+01
          0.0000000000000000          0.0000000000000000          0.0000000000000000
          0.0000000000000000          0.0000000000000000          0.0000000000000000
          0.0000000000000000          0.0000000000000000          0.0000000000000000
     1    48
     -4.6306602996537549E-10      2.6733779219763845E+00      1.2000000000000000E+01
          0.0000000000000000          0.0000000000000000          0.0000000000000000
          0.0000000000000000          0.0000000000000000          0.0000000000000000
          0.0000000000000000          0.0000000000000000          0.0000000000000000
     1    49
     -9.2608527810630648E+00     -5.3467558467309857E+00      0.0000000000000000E+00
          0.0000397203556093         -0.0019427145347946          0.0000000246816861
          0.0002522080763607         -0.0005014803203082          0.0000001243992584
         -0.0000000019368220          0.0000000176498610          0.0000667921460393
     1    50
     -1.1576065976213066E+01     -1.3366889623773006E+00      0.0000000000000000E+00
         -0.0010985429998068          0.0009089247138770         -0.0000001315614113
         -0.0012855993445470          0.0006367845980614          0.0000001812630255
         -0.0000000157224971         -0.0000000401400977          0.0000667921460394
     1    51
     -1.1576065976213066E+01      6.6834448063300691E+00      0.0000000000000000E+00
         -0.0010985241677607          0.0012857160655675         -0.0000003086753197
         -0.0009091402892858          0.0006368256478537          0.0000000713757877
         -0.0000000410697168         -0.0000000255058736          0.0000667921460395
     1    52
     -9.2608527810630665E+00      1.0693511690683755E+01      0.0000000000000000E+00
          0.0000397118700009         -0.0002520630504539         -0.0000003212663779
          0.0019429567264459         -0.0005014081579306         -0.0000000762829957
          0.0000000100144137          0.0000000107498118          0.0000667921460392
     1    53
      9.2608527801369327E+00     -5.3467558467309857E+00      0.0000000000000000E+00
          0.0000397203556099          0.0019429800928219          0.0000003262107814
         -0.0002520416398357         -0.0005014797378553          0.0000000400824132
         -0.0000000248820195         -0.0000000161599022          0.0000667921460392
     1    54
      1.1576065975286935E+01     -1.3366889623773006E+00      0.0000000000000000E+00
         -0.0010985429998071         -0.0009091273180315          0.0000000714494238
          0.0012857085958032          0.0006367858495371         -0.0000001363217772
          0.0000000078173329          0.0000000094813267          0.0000667921460395
     1    55
      1.1576065975286935E+01      6.6834448063300691E+00      0.0000000000000000E+00
         -0.0010985241677605         -0.0012857264684793          0.0000001749635584
          0.0009089882972676          0.0006368268993294         -0.0000002069354787
         -0.0000000063309836          0.0000000176498610          0.0000667921460394
     1    56
     -2.3152131956130662E+00     -9.3568227310846730E+00      0.0000000000000000E+00
          0.0003659836925613         -0.0017542654619978          0.0000001795984101
          0.0004404514173660         -0.0008276781465628          0.0000003153626010
         -0.0000000160851385          0.0000000094813266          0.0000667921460392
     1    57
      2.3152131946869341E+00     -9.3568227310846730E+00      0.0000000000000000E+00
          0.0003659836925602          0.0017544411460202          0.0000001686862443
         -0.0004401123112972         -0.0008276803785392          0.0000002351589209
          0.0000000258124198         -0.0000000161599022          0.0000667921460396
     1    58
      2.3152131946869332E+00      1.4703578575037438E+01      0.0000000000000000E+00
          0.0003658771092594          0.0004403599219832         -0.0000000748688924
         -0.0017542508337616         -0.0008276383254338         -0.0000001815127891
          0.0000000420001171         -0.0000000255058736          0.0000667921460392
     1    59
      9.2608527801369345E+00      1.0693511690683755E+01      0.0000000000000000E+00
          0.0000397118700003          0.0002521501711442         -0.0000000673975113
         -0.0019427082973260         -0.0005014075754777         -0.0000001938411484
          0.0000000166528974         -0.0000000401400977          0.0000667921460393
     1    60
     -2.3152131956130670E+00      1.4703578575037438E+01      0.0000000000000000E+00
          0.0003658771092583         -0.0004400659352016         -0.0000001967372687
          0.0017543590017202         -0.0008276360934574         -0.0000002949924689
         -0.0000000182822193          0.0000000107498118          0.0000667921460396
     1    61
     -2.3152131956130200E+00      1.3366889605251295E+00     -1.2000000000000000E+01
          0.0000000000000000          0.0000000000000000          0.0000000000000000
          0.0000000000000000          0.0000000000000000          0.0000000000000000
          0.0000000000000000          0.0000000000000000          0.0000000000000000
     1    62
     -2.3152131956130200E+00      1.3366889605251295E+00      1.2000000000000000E+01
          0.0000000000000000          0.0000000000000000          0.0000000000000000
          0.0000000000000000          0.0000000000000000          0.0000000000000000
          0.0000000000000000          0.0000000000000000          0.0000000000000000
     1    63
     -4.6301984468755109E-10      5.3467558448788148E+00     -1.2000000000000000E+01
          0.0000000000000000          0.0000000000000000          0.0000000000000000
          0.0000000000000000          0.0000000000000000          0.0000000000000000
          0.0000000000000000          0.0000000000000000          0.0000000000000000
     1    64
     -4.6301984468755109E-10      5.3467558448788148E+00      1.2000000000000000E+01
          0.0000000000000000          0.0000000000000000          0.0000000000000000
          0.0000000000000000          0.0000000000000000          0.0000000000000000
          0.0000000000000000          0.0000000000000000          0.0000000000000000
     1    65
      2.3152131946869803E+00      1.3366889605251295E+00     -1.2000000000000000E+01
          0.0000000000000000          0.0000000000000000          0.0000000000000000
          0.0000000000000000          0.0000000000000000          0.0000000000000000
          0.0000000000000000          0.0000000000000000          0.0000000000000000
     1    66
      2.3152131946869803E+00      1.3366889605251295E+00      1.2000000000000000E+01
          0.0000000000000000          0.0000000000000000          0.0000000000000000
          0.0000000000000000          0.0000000000000000          0.0000000000000000
          0.0000000000000000          0.0000000000000000          0.0000000000000000
     1    67
     -2.3152131956130662E+00     -1.3366889623773006E+00     -1.2000000000000000E+01
          0.0000000000000000          0.0000000000000000          0.0000000000000000
          0.0000000000000000          0.0000000000000000          0.0000000000000000
          0.0000000000000000          0.0000000000000000          0.0000000000000000
     1    68
     -2.3152131956130662E+00     -1.3366889623773006E+00      1.2000000000000000E+01
          0.0000000000000000          0.0000000000000000          0.0000000000000000
          0.0000000000000000          0.0000000000000000          0.0000000000000000
          0.0000000000000000          0.0000000000000000          0.0000000000000000
     1    69
     -4.6304263907630663E+00      2.6733779219763845E+00     -1.2000000000000000E+01
          0.0000000000000000          0.0000000000000000          0.0000000000000000
          0.0000000000000000          0.0000000000000000          0.0000000000000000
          0.0000000000000000          0.0000000000000000          0.0000000000000000
     1    70
     -4.6304263907630663E+00      2.6733779219763845E+00      1.2000000000000000E+01
          0.0000000000000000          0.0000000000000000          0.0000000000000000
          0.0000000000000000          0.0000000000000000          0.0000000000000000
          0.0000000000000000          0.0000000000000000          0.0000000000000000
     1    71
      2.3152131946869341E+00     -1.3366889623773006E+00     -1.2000000000000000E+01
          0.0000000000000000          0.0000000000000000          0.0000000000000000
          0.0000000000000000          0.0000000000000000          0.0000000000000000
          0.0000000000000000          0.0000000000000000          0.0000000000000000
     1    72
      2.3152131946869341E+00     -1.3366889623773006E+00      1.2000000000000000E+01
          0.0000000000000000          0.0000000000000000          0.0000000000000000
          0.0000000000000000          0.0000000000000000          0.0000000000000000
          0.0000000000000000          0.0000000000000000          0.0000000000000000
     1    73
     -2.3152131956130662E+00      6.6834448063300691E+00     -1.2000000000000000E+01
          0.0000000000000000          0.0000000000000000          0.0000000000000000
          0.0000000000000000          0.0000000000000000          0.0000000000000000
          0.0000000000000000          0.0000000000000000          0.0000000000000000
     1    74
     -2.3152131956130662E+00      6.6834448063300691E+00      1.2000000000000000E+01
          0.0000000000000000          0.0000000000000000          0.0000000000000000
          0.0000000000000000          0.0000000000000000          0.0000000000000000
          0.0000000000000000          0.0000000000000000          0.0000000000000000
     1    75
      4.6304263898369342E+00      2.6733779219763845E+00     -1.2000000000000000E+01
          0.0000000000000000          0.0000000000000000          0.0000000000000000
          0.0000000000000000          0.0000000000000000          0.0000000000000000
          0.0000000000000000          0.0000000000000000          0.0000000000000000
     1    76
      4.6304263898369342E+00      2.6733779219763845E+00      1.2000000000000000E+01
          0.0000000000000000          0.0000000000000000          0.0000000000000000
          0.0000000000000000          0.0000000000000000          0.0000000000000000
          0.0000000000000000          0.0000000000000000          0.0000000000000000
     1    77
      2.3152131946869341E+00      6.6834448063300691E+00     -1.2000000000000000E+01
          0.0000000000000000          0.0000000000000000          0.0000000000000000
          0.0000000000000000          0.0000000000000000          0.0000000000000000
          0.0000000000000000          0.0000000000000000          0.0000000000000000
     1    78
      2.3152131946869341E+00      6.6834448063300691E+00      1.2000000000000000E+01
          0.0000000000000000          0.0000000000000000          0.0000000000000000
          0.0000000000000000          0.0000000000000000          0.0000000000000000
          0.0000000000000000          0.0000000000000000          0.0000000000000000
     1    79
     -4.6304263907630201E+00      5.3467558448788148E+00     -1.2000000000000000E+01
          0.0000000000000000          0.0000000000000000          0.0000000000000000
          0.0000000000000000          0.0000000000000000          0.0000000000000000
          0.0000000000000000          0.0000000000000000          0.0000000000000000
     1    80
     -4.6304263907630201E+00      5.3467558448788148E+00      1.2000000000000000E+01
          0.0000000000000000          0.0000000000000000          0.0000000000000000
          0.0000000000000000          0.0000000000000000          0.0000000000000000
          0.0000000000000000          0.0000000000000000          0.0000000000000000
     1    81
     -4.6301940059834124E-10     -2.6733779238285558E+00     -1.2000000000000000E+01
          0.0000000000000000          0.0000000000000000          0.0000000000000000
          0.0000000000000000          0.0000000000000000          0.0000000000000000
          0.0000000000000000          0.0000000000000000          0.0000000000000000
     1    82
     -4.6301940059834124E-10     -2.6733779238285558E+00      1.2000000000000000E+01
          0.0000000000000000          0.0000000000000000          0.0000000000000000
          0.0000000000000000          0.0000000000000000          0.0000000000000000
          0.0000000000000000          0.0000000000000000          0.0000000000000000
     1    83
      4.6304263898369804E+00      5.3467558448788148E+00     -1.2000000000000000E+01
          0.0000000000000000          0.0000000000000000          0.0000000000000000
          0.0000000000000000          0.0000000000000000          0.0000000000000000
          0.0000000000000000          0.0000000000000000          0.0000000000000000
     1    84
      4.6304263898369804E+00      5.3467558448788148E+00      1.2000000000000000E+01
          0.0000000000000000          0.0000000000000000          0.0000000000000000
          0.0000000000000000          0.0000000000000000          0.0000000000000000
          0.0000000000000000          0.0000000000000000          0.0000000000000000
     1    85
     -1.1576065976213020E+01      9.3568227292325012E+00      0.0000000000000000E+00
          0.0003743419327623         -0.0009669630989231         -0.0000002540267917
         -0.0009670937961888         -0.0007434307330150          0.0000001911851182
          0.0000002414079647         -0.0000000778324060         -0.0000351228090404
     1    86
      1.1576065975286980E+01      9.3568227292325012E+00      0.0000000000000000E+00
          0.0003741773975276          0.0009665041691920          0.0000002189802638
          0.0009669237016767         -0.0007432458821583          0.0000001864026006
         -0.0000002607588747         -0.0000000992129460         -0.0000352504393348
     1    87
     -4.6301984468755109E-10     -1.0693511692535925E+01      0.0000000000000000E+00
         -0.0013006622223708         -0.0000003828591273         -0.0000000828642060
         -0.0000006122818904          0.0009317158135574         -0.0000002688654556
         -0.0000000989937493          0.0000002865191961         -0.0000352219817433
     1    88
     -1.3891279171363067E+01      2.6733779219763845E+00      0.0000000000000000E+00
         -0.0005645261734791         -0.0002035739114806          0.0000000582763260
          0.0002026837368870         -0.0000862306788168         -0.0000001006715405
         -0.0000000061780757         -0.0000000071290634         -0.0000172714827138
     1    89
      1.3891279170436935E+01      2.6733779219763845E+00      0.0000000000000000E+00
         -0.0005645261734791          0.0002026165818493         -0.0000002992254060
         -0.0002035272172420         -0.0000862325884237         -0.0000000370926765
          0.0000000075436065          0.0000000103728485         -0.0000172714827138
     1    90
     -6.9456395859130664E+00     -9.3568227310846730E+00      0.0000000000000000E+00
         -0.0002054110099919         -0.0000039310984630          0.0000001083986614
         -0.0004097256566852         -0.0004453477519096         -0.0000000506876028
         -0.0000000002062012          0.0000000103728485         -0.0000172714827139
     1    91
      6.9456395849869343E+00     -9.3568227310846730E+00      0.0000000000000000E+00
         -0.0002054110099924          0.0000038980842613         -0.0000002191946573
          0.0004098660521925         -0.0004453502340707         -0.0000000483864526
          0.0000000036687026         -0.0000000014440232         -0.0000172714827138
     1    92
     -6.9456395859130673E+00      1.4703578575037438E+01      0.0000000000000000E+00
         -0.0002054634868697          0.0004098998211880          0.0000000976755110
          0.0000038155825296         -0.0004452908832649          0.0000002096661036
          0.0000000036687026          0.0000000081356717         -0.0000172714827138
     1    93
      6.9456395849869335E+00      1.4703578575037438E+01      0.0000000000000000E+00
         -0.0002054634868692         -0.0004098145326304          0.0000001417291314
         -0.0000039061251324         -0.0004452933654254          0.0000002013383775
          0.0000000135154810         -0.0000000071290634         -0.0000172714827139
     1    94
     -6.9456395859130202E+00      1.3366889605251295E+00     -1.2000000000000000E+01
          0.0000000000000000          0.0000000000000000          0.0000000000000000
          0.0000000000000000          0.0000000000000000          0.0000000000000000
          0.0000000000000000          0.0000000000000000          0.0000000000000000
     1    95
     -6.9456395859130202E+00      1.3366889605251295E+00      1.2000000000000000E+01
          0.0000000000000000          0.0000000000000000          0.0000000000000000
          0.0000000000000000          0.0000000000000000          0.0000000000000000
          0.0000000000000000          0.0000000000000000          0.0000000000000000
     1    96
     -2.3152131956130195E+00      9.3568227292325012E+00     -1.2000000000000000E+01
          0.0000000000000000          0.0000000000000000          0.0000000000000000
          0.0000000000000000          0.0000000000000000          0.0000000000000000
          0.0000000000000000          0.0000000000000000          0.0000000000000000
     1    97
     -2.3152131956130195E+00      9.3568227292325012E+00      1.2000000000000000E+01
          0.0000000000000000          0.0000000000000000          0.0000000000000000
          0.0000000000000000          0.0000000000000000          0.0000000000000000
          0.0000000000000000          0.0000000000000000          0.0000000000000000
     1    98
     -4.6304263907630201E+00     -2.6733779238285558E+00     -1.2000000000000000E+01
          0.0000000000000000          0.0000000000000000          0.0000000000000000
          0.0000000000000000          0.0000000000000000          0.0000000000000000
          0.0000000000000000          0.0000000000000000          0.0000000000000000
     1    99
     -4.6304263907630201E+00     -2.6733779238285558E+00      1.2000000000000000E+01
          0.0000000000000000          0.0000000000000000          0.0000000000000000
          0.0000000000000000          0.0000000000000000          0.0000000000000000
          0.0000000000000000          0.0000000000000000          0.0000000000000000
     1   100
      2.3152131946869812E+00      9.3568227292325012E+00     -1.2000000000000000E+01
          0.0000000000000000          0.0000000000000000          0.0000000000000000
          0.0000000000000000          0.0000000000000000          0.0000000000000000
          0.0000000000000000          0.0000000000000000          0.0000000000000000
     1   101
      2.3152131946869812E+00      9.3568227292325012E+00      1.2000000000000000E+01
          0.0000000000000000          0.0000000000000000          0.0000000000000000
          0.0000000000000000          0.0000000000000000          0.0000000000000000
          0.0000000000000000          0.0000000000000000          0.0000000000000000
     1   102
      4.6304263898369804E+00     -2.6733779238285558E+00     -1.2000000000000000E+01
          0.0000000000000000          0.0000000000000000          0.0000000000000000
          0.0000000000000000          0.0000000000000000          0.0000000000000000
          0.0000000000000000          0.0000000000000000          0.0000000000000000
     1   103
      4.6304263898369804E+00     -2.6733779238285558E+00      1.2000000000000000E+01
          0.0000000000000000          0.0000000000000000          0.0000000000000000
          0.0000000000000000          0.0000000000000000          0.0000000000000000
          0.0000000000000000          0.0000000000000000          0.0000000000000000
     1   104
      6.9456395849869805E+00      1.3366889605251295E+00     -1.2000000000000000E+01
          0.0000000000000000          0.0000000000000000          0.0000000000000000
          0.0000000000000000          0.0000000000000000          0.0000000000000000
          0.0000000000000000          0.0000000000000000          0.0000000000000000
     1   105
      6.9456395849869805E+00      1.3366889605251295E+00      1.2000000000000000E+01
          0.0000000000000000          0.0000000000000000          0.0000000000000000
          0.0000000000000000          0.0000000000000000          0.0000000000000000
          0.0000000000000000          0.0000000000000000          0.0000000000000000
     1   106
     -1.3891279171363021E+01      5.3467558448788148E+00      0.0000000000000000E+00
          0.0001900345030883          0.0002180536133065          0.0000001452457476
          0.0002180939773922          0.0001558060079169         -0.0000001408437945
          0.0000000596040075         -0.0000000298311660          0.0000431509054659
     1   107
     -9.2608527810630203E+00      1.3366889613586183E+01      0.0000000000000000E+00
         -0.0000241990974694          0.0000944312110076          0.0000000159430374
          0.0000944581537527          0.0003693851066205         -0.0000000311279107
         -0.0000000456361093         -0.0000000229331330          0.0000430814365298
     1   108
     -4.6304263907630201E+00     -1.0693511692535925E+01      0.0000000000000000E+00
          0.0003525264290618          0.0001229771284740         -0.0000000330811244
          0.0001225714619232         -0.0000073119040331         -0.0000001159102032
          0.0000000023499977         -0.0000001638967085          0.0000431095332669
     1   109
      9.2608527801369807E+00      1.3366889613586183E+01      0.0000000000000000E+00
         -0.0000238626633107         -0.0000947855746450          0.0000000476996698
         -0.0000944666060592          0.0003694074868389          0.0000000407998270
          0.0000001560951566          0.0000000321151293          0.0000435122114553
     1   110
      1.3891279170436981E+01      5.3467558448788148E+00      0.0000000000000000E+00
          0.0001898664898712         -0.0002179305852880         -0.0000001016398641
         -0.0002174205386459          0.0001556437104390         -0.0000000780153645
         -0.0000000416090773         -0.0000000105408256          0.0000427482250884
     1   111
      4.6304263898369804E+00     -1.0693511692535925E+01      0.0000000000000000E+00
          0.0003529202850769         -0.0001233438855335          0.0000000561435737
         -0.0001235038176511         -0.0000071530308879          0.0000000728812052
         -0.0000000075255719         -0.0000000449486528          0.0000430229115963
     1   112
     -6.9456395859130664E+00     -1.3366889623773006E+00     -1.2000000000000000E+01
          0.0000000000000000          0.0000000000000000          0.0000000000000000
          0.0000000000000000          0.0000000000000000          0.0000000000000000
          0.0000000000000000          0.0000000000000000          0.0000000000000000
     1   113
     -6.9456395859130664E+00     -1.3366889623773006E+00      1.2000000000000000E+01
          0.0000000000000000          0.0000000000000000          0.0000000000000000
          0.0000000000000000          0.0000000000000000          0.0000000000000000
          0.0000000000000000          0.0000000000000000          0.0000000000000000
     1   114
     -4.6306602996537549E-10     -5.3467558467309857E+00     -1.2000000000000000E+01
          0.0000000000000000          0.0000000000000000          0.0000000000000000
          0.0000000000000000          0.0000000000000000          0.0000000000000000
          0.0000000000000000          0.0000000000000000          0.0000000000000000
     1   115
     -4.6306602996537549E-10     -5.3467558467309857E+00      1.2000000000000000E+01
          0.0000000000000000          0.0000000000000000          0.0000000000000000
          0.0000000000000000          0.0000000000000000          0.0000000000000000
          0.0000000000000000          0.0000000000000000          0.0000000000000000
     1   116
     -6.9456395859130673E+00      6.6834448063300691E+00     -1.2000000000000000E+01
          0.0000000000000000          0.0000000000000000          0.0000000000000000
          0.0000000000000000          0.0000000000000000          0.0000000000000000
          0.0000000000000000          0.0000000000000000          0.0000000000000000
     1   117
     -6.9456395859130673E+00      6.6834448063300691E+00      1.2000000000000000E+01
          0.0000000000000000          0.0000000000000000          0.0000000000000000
          0.0000000000000000          0.0000000000000000          0.0000000000000000
          0.0000000000000000          0.0000000000000000          0.0000000000000000
     1   118
      6.9456395849869343E+00     -1.3366889623773006E+00     -1.2000000000000000E+01
          0.0000000000000000          0.0000000000000000          0.0000000000000000
          0.0000000000000000          0.0000000000000000          0.0000000000000000
          0.0000000000000000          0.0000000000000000          0.0000000000000000
     1   119
      6.9456395849869343E+00     -1.3366889623773006E+00      1.2000000000000000E+01
          0.0000000000000000          0.0000000000000000          0.0000000000000000
          0.0000000000000000          0.0000000000000000          0.0000000000000000
          0.0000000000000000          0.0000000000000000          0.0000000000000000
     1   120
     -4.6306691814379519E-10      1.0693511690683755E+01     -1.2000000000000000E+01
          0.0000000000000000          0.0000000000000000          0.0000000000000000
          0.0000000000000000          0.0000000000000000          0.0000000000000000
          0.0000000000000000          0.0000000000000000          0.0000000000000000
     2     1
      2.3152131946869803E+00      1.3366889605251295E+00      0.0000000000000000E+00
          0.6622480332575313         -0.0000006186974933          0.0000005136712484
         -0.0000005575920674          0.6622531302585215         -0.0000009035881251
          0.0000000036687026         -0.0000000693483526          0.1523509770517312
     2     2
      2.3152131946869341E+00     -1.3366889623773006E+00      0.0000000000000000E+00
         -0.1103296085645207         -0.0000007373043459          0.0000001175999214
          0.0000003330474233         -0.2743288169471835         -0.0000002847974514
          0.0000000893421572          0.0000005456282172         -0.0658871066165995
     2     3
      4.6304263898369342E+00      2.6733779219763845E+00      0.0000000000000000E+00
         -0.2333318403101298         -0.0710154443427799          0.0000005837402557
         -0.0710155679196252         -0.1513269393762224         -0.0000001501920934
         -0.0000001342623539         -0.0000005815743500         -0.0658868154249144
     2     4
     -4.6306602996537549E-10      2.6733779219763845E+00      0.0000000000000000E+00
         -0.2333320012404371          0.0710182568281618         -0.0000004463799710
          0.0710193186694156         -0.1513270308868654          0.0000002109220029
          0.0000002977829181         -0.0000001844884594         -0.0658863681493293
     2     5
     -4.6301940059834124E-10     -2.6733779238285558E+00      0.0000000000000000E+00
          0.0087342915839324         -0.0300364044751759          0.0000000447615420
         -0.0360745227648264         -0.0294360274423837          0.0000002386225430
          0.0000000626688895         -0.0000000428412005          0.0055030924496783
     2     6
     -2.3152131956130200E+00      1.3366889605251295E+00      0.0000000000000000E+00
         -0.0485206814754006         -0.0030194176702911         -0.0000003866628232
          0.0030183622696064          0.0278189488364729         -0.0000000857655076
          0.0000000181931640          0.0000000198279065          0.0055030924496773
     2     7
      4.6304263898369804E+00     -2.6733779238285558E+00      0.0000000000000000E+00
          0.0087342915839333          0.0300366765466484         -0.0000001288227663
          0.0360746429125622         -0.0294360252104074          0.0000001029056487
         -0.0000000041339028          0.0000000069373684          0.0055030924496776
     2     8
     -4.6301984468755109E-10      5.3467558448788148E+00      0.0000000000000000E+00
          0.0087343337575971          0.0360746386216500         -0.0000000754778216
          0.0300367067580157         -0.0294360686285020          0.0000001549903490
          0.0000000004652002         -0.0000000069278838          0.0055030924496776
     2     9
      6.9456395849869805E+00      1.3366889605251295E+00      0.0000000000000000E+00
         -0.0485206814754006          0.0030183199768694         -0.0000003167457951
         -0.0030193448682641          0.0278189456169509         -0.0000002289953603
         -0.0000000617384891         -0.0000000428412005          0.0055030924496773
     2    10
      4.6304263898369804E+00      5.3467558448788148E+00      0.0000000000000000E+00
          0.0087343337575960         -0.0360745587514202          0.0000004910894892
         -0.0300363253670056         -0.0294360663965254          0.0000001596448317
         -0.0000000264609696          0.0000000198279065          0.0055030924496783
     2    11
      6.9456395849869343E+00     -1.3366889623773006E+00      0.0000000000000000E+00
          0.0016626609944285         -0.0128748157442693          0.0000001982855638
         -0.0128737891993519         -0.0132044012280150          0.0000000180974202
          0.0000001684823466          0.0000000081644844         -0.0041745185108102
     2    12
     -2.3152131956130662E+00     -1.3366889623773006E+00      0.0000000000000000E+00
          0.0016630548433783          0.0128752353453216         -0.0000001128905506
          0.0128730378222528         -0.0132043985152220          0.0000001924981771
         -0.0000001017577263          0.0000002482775269         -0.0041751274050532
     2    13
      2.3152131946869341E+00      6.6834448063300691E+00      0.0000000000000000E+00
         -0.0206365635428054         -0.0000011947365199         -0.0000001204511860
          0.0000002395742912          0.0090957182259301         -0.0000000960487829
         -0.0000000955592275         -0.0000001526712645         -0.0041755802049821
     2    14
      4.6304263898369342E+00     -5.3467558467309857E+00      0.0000000000000000E+00
         -0.0059637346439587          0.0030163998438211         -0.0000000698031439
          0.0030164565402526          0.0079271307685510         -0.0000001568576824
         -0.0000001383606690          0.0000001318396066          0.0051174755891333
     2    15
      9.2608527801369327E+00      2.6733779219763845E+00      0.0000000000000000E+00
          0.0018428514599497          0.0075243518625701          0.0000001995418420
          0.0075229701158266          0.0001210179678856         -0.0000001400409066
         -0.0000001001521920         -0.0000002710308931          0.0051188686949787
     2    16
     -4.6306602996537549E-10     -5.3467558467309857E+00      0.0000000000000000E+00
         -0.0059638955660412         -0.0030164464346689          0.0000002589775673
         -0.0030159925993447          0.0079270142108161         -0.0000001312002093
          0.0000003187441477          0.0000001867763824          0.0051197687732169
     2    17
      6.9456395849869335E+00      6.6834448063300691E+00      0.0000000000000000E+00
          0.0070637471445167          0.0045058970568308          0.0000002368768838
          0.0045048078814412         -0.0051009766782677         -0.0000001119420468
          0.0000000143096815         -0.0000002851029776          0.0051183481500514
     2    18
     -4.6304263907630663E+00      2.6733779219763845E+00      0.0000000000000000E+00
          0.0018426413665627         -0.0075208988541211         -0.0000002811944913
         -0.0075206433182016          0.0001208798484577         -0.0000001769563263
         -0.0000000227378372         -0.0000003068857797          0.0051174480663708
     2    19
     -2.3152131956130662E+00      6.6834448063300691E+00      0.0000000000000000E+00
          0.0070641409965727         -0.0045060935677396          0.0000000054416914
         -0.0045060015667811         -0.0051009990079253          0.0000002120409567
          0.0000002741679678          0.0000000461491852          0.0051195851638302
     2    20
     -4.6304263907630201E+00     -2.6733779238285558E+00      0.0000000000000000E+00
         -0.0043723921447295         -0.0019377027890902          0.0000003495433422
         -0.0019378022452915         -0.0021349885845719         -0.0000006572666025
          0.0000000146776733         -0.0000000347251959         -0.0007589027540924
     2    21
      2.3152131946869803E+00     -6.6834448081822400E+00      0.0000000000000000E+00
         -0.0010162775837639         -0.0000001150631246         -0.0000003546130930
         -0.0000000273280319         -0.0054911229556381          0.0000004205098501
          0.0000000391577213         -0.0000000205916336         -0.0007589027540927
     2    22
     -4.6304263907630201E+00      5.3467558448788148E+00      0.0000000000000000E+00
         -0.0043723748913528          0.0019376957886087         -0.0000002465144743
          0.0019377835237014         -0.0021350306123709          0.0000004531875963
         -0.0000000208113453         -0.0000000142356014         -0.0007589027540923
     2    23
      9.2608527801369807E+00     -2.6733779238285558E+00      0.0000000000000000E+00
         -0.0043723921447299          0.0019377661623396         -0.0000003172156449
          0.0019377236824665         -0.0021349861024109         -0.0000006910970504
         -0.0000000318203160         -0.0000000205916336         -0.0007589027540923
     2    24
      2.3152131946869812E+00      9.3568227292325012E+00      0.0000000000000000E+00
         -0.0010161916082624         -0.0000000258444562          0.0000008551978969
         -0.0000000683243294         -0.0054911916031995         -0.0000000976550732
          0.0000000281487506         -0.0000000142356014         -0.0007589027540927
     2    25
      9.2608527801369807E+00      5.3467558448788148E+00      0.0000000000000000E+00
         -0.0043723748913524         -0.0019378246166019         -0.0000001761397628
         -0.0019376008432522         -0.0021350281302106          0.0000003315166167
         -0.0000000073402681         -0.0000000347251958         -0.0007589027540924
     2    26
     -2.3152131956130200E+00     -6.6834448081822400E+00      0.0000000000000000E+00
          0.0019298235075502         -0.0017305805758467          0.0000000912728563
         -0.0015951373772121          0.0000087871329612          0.0000004033734866
          0.0000000040448475         -0.0000000141217039          0.0001059119924625
     2    27
     -6.9456395859130202E+00      1.3366889605251295E+00      0.0000000000000000E+00
         -0.0009510558234765          0.0000670977528750         -0.0000004097864992
         -0.0000679769667328          0.0028896670464434          0.0000000604625955
          0.0000000373216698          0.0000000436196571          0.0001059119924619
     2    28
      1.1576065975286980E+01      1.3366889605251295E+00      0.0000000000000000E+00
         -0.0009510558234764         -0.0000680179009193          0.0000006684865376
          0.0000671648677836          0.0028896664639905          0.0000003573017962
         -0.0000000123126531         -0.0000000141217039          0.0001059119924619
     2    29
      6.9456395849869796E+00     -6.6834448081822400E+00      0.0000000000000000E+00
          0.0019298235075514          0.0017304901511593          0.0000004074807778
          0.0015952153066237          0.0000087839134394          0.0000001000336444
          0.0000000004652002          0.0000000223405644          0.0001059119924622
     2    30
     -2.3152131956130195E+00      9.3568227292325012E+00      0.0000000000000000E+00
          0.0019298818720577          0.0015952462220649         -0.0000003583579180
          0.0017304892957716          0.0000087325704299         -0.0000002312414884
         -0.0000000041339028         -0.0000000093997003          0.0001059119924622
     2    31
      6.9456395849869814E+00      9.3568227292325012E+00      0.0000000000000000E+00
          0.0019298818720563         -0.0015951582094154         -0.0000006001292499
         -0.0017304933589548          0.0000087293509079         -0.0000004308824041
         -0.0000000363912695          0.0000000436196571          0.0001059119924625
     2    32
      9.2608527801369327E+00     -5.3467558467309857E+00      0.0000000000000000E+00
         -0.0008609786952735         -0.0017857628812932         -0.0000002825680035
         -0.0017856602829627          0.0012217255796329          0.0000001247684524
         -0.0000001931156945          0.0000000418234686          0.0000781806378717
     2    33
      1.1576065975286935E+01     -1.3366889623773006E+00      0.0000000000000000E+00
          0.0022470896640072          0.0000085815376543         -0.0000000209391199
          0.0000089201063326         -0.0018866400203077          0.0000000451830740
          0.0000000827183091         -0.0000000357330161          0.0000791985058345
     2    34
     -4.6304263907630672E+00     -5.3467558467309857E+00      0.0000000000000000E+00
         -0.0008611887743199          0.0017856162789921          0.0000002010822279
          0.0017855394151639          0.0012216193535367          0.0000002058654505
          0.0000000575137163          0.0000001236177000          0.0000793325954120
     2    35
     -6.9456395859130664E+00     -1.3366889623773006E+00      0.0000000000000000E+00
          0.0022474260970952         -0.0000083247403057         -0.0000001422136271
         -0.0000087309444402         -0.0018868307305093         -0.0000000079590835
         -0.0000002407030423         -0.0000000142167788          0.0000783803338262
     2    36
      4.6304263898369342E+00      1.0693511690683755E+01      0.0000000000000000E+00
         -0.0008457401647126          0.0017944919491008         -0.0000001221118282
          0.0017950964454254          0.0012062147169347         -0.0000001054624241
         -0.0000000633717335          0.0000000181906007          0.0000783583367775
     2    37
     -4.6306691814379519E-10      1.0693511690683755E+01      0.0000000000000000E+00
         -0.0008459010837573         -0.0017944999398327          0.0000000450851912
         -0.0017943596071334          0.0012061801540799          0.0000001879707579
          0.0000000303099049          0.0000003253157205          0.0000795322927124
     2    38
      2.3152131946869341E+00     -9.3568227310846730E+00      0.0000000000000000E+00
         -0.0002696209968369         -0.0000003769731842          0.0000001863723097
         -0.0000005609804761          0.0045830687107525         -0.0000000409306188
          0.0000001983854456          0.0000003216122427         -0.0006485088691324
     2    39
      1.1576065975286935E+01      6.6834448063300691E+00      0.0000000000000000E+00
          0.0033705256418096          0.0021011936995925          0.0000001166218849
          0.0021016432001515          0.0009430229790993          0.0000000810445518
         -0.0000001901225949         -0.0000001049640000         -0.0006487564514892
     2    40
     -6.9456395859130673E+00      6.6834448063300691E+00      0.0000000000000000E+00
          0.0033708620784688         -0.0021017276151432         -0.0000003374869334
         -0.0021017769685211          0.0009428892135937          0.0000000281591670
         -0.0000000376481537         -0.0000001572214811         -0.0006488479442764
     2    41
      1.3891279170436935E+01      2.6733779219763845E+00      0.0000000000000000E+00
         -0.0000605549132858         -0.0002797187964178         -0.0000000422913442
         -0.0002801819119948         -0.0008377677006912          0.0000001596295320
         -0.0000000681289351         -0.0000000714755543         -0.0002556966367769
     2    42
      6.9456395849869343E+00     -9.3568227310846730E+00      0.0000000000000000E+00
         -0.0004008492947469         -0.0004763395307451         -0.0000001717500730
         -0.0004763195283201         -0.0004972970036880         -0.0000000215943140
          0.0000000467762016          0.0000000978305390         -0.0002559832545252
     2    43
     -2.3152131956130662E+00     -9.3568227310846730E+00      0.0000000000000000E+00
         -0.0004004554396178          0.0004753979583762          0.0000000328794979
          0.0004760057514926         -0.0004970973654208         -0.0000000579263591
         -0.0000001759048933          0.0000000989962263         -0.0002567308105799
     2    44
      9.2608527801369345E+00      1.0693511690683755E+01      0.0000000000000000E+00
         -0.0008871601453338          0.0001947083155660          0.0000000610890574
          0.0001945534737709         -0.0000104674985965          0.0000000019222018
         -0.0000001767076180          0.0000001176613750         -0.0002565636881275
     2    45
     -9.2608527810630665E+00      2.6733779219763845E+00      0.0000000000000000E+00
         -0.0000607194686466          0.0002823730170618          0.0000000133809545
          0.0002827468775120         -0.0008377797782754          0.0000001768929554
          0.0000000249888939         -0.0000000611501898         -0.0002556856083465
     2    46
     -4.6304263907630672E+00      1.0693511690683755E+01      0.0000000000000000E+00
         -0.0008873702259915         -0.0001948403319496         -0.0000000550027895
         -0.0001947618879402         -0.0000104337512531          0.0000000631409564
          0.0000001859438135          0.0000001425197841         -0.0002562770731361
     2    47
      2.3152131946869803E+00      1.3366889605251295E+00     -1.2000000000000000E+01
          0.0000000000000000          0.0000000000000000          0.0000000000000000
          0.0000000000000000          0.0000000000000000          0.0000000000000000
          0.0000000000000000          0.0000000000000000          0.0000000000000000
     2    48
      2.3152131946869803E+00      1.3366889605251295E+00      1.2000000000000000E+01
          0.0000000000000000          0.0000000000000000          0.0000000000000000
          0.0000000000000000          0.0000000000000000          0.0000000000000000
          0.0000000000000000          0.0000000000000000          0.0000000000000000
     2    49
     -6.9456395859130202E+00     -6.6834448081822400E+00      0.0000000000000000E+00
          0.0000397118700010          0.0002521501711454         -0.0000000673975113
         -0.0019427082973251         -0.0005014075754787         -0.0000001938411484
          0.0000000166528974         -0.0000000401400977          0.0000667921460395
     2    50
     -9.2608527810630203E+00     -2.6733779238285558E+00      0.0000000000000000E+00
         -0.0010985241677609         -0.0012857264684803          0.0000001749635584
          0.0009089882972664          0.0006368268993297         -0.0000002069354787
         -0.0000000063309836          0.0000000176498610          0.0000667921460394
     2    51
     -9.2608527810630203E+00      5.3467558448788148E+00      0.0000000000000000E+00
         -0.0010985429998069         -0.0009091273180311          0.0000000714494238
          0.0012857085958036          0.0006367858495375         -0.0000001363217772
          0.0000000078173329          0.0000000094813267          0.0000667921460392
     2    52
      1.1576065975286980E+01     -6.6834448081822400E+00      0.0000000000000000E+00
          0.0000397118700004         -0.0002520630504545         -0.0000003212663779
          0.0019429567264452         -0.0005014081579315         -0.0000000762829957
          0.0000000100144137          0.0000000107498118          0.0000667921460395
     2    53
      1.3891279170436981E+01     -2.6733779238285558E+00      0.0000000000000000E+00
         -0.0010985241677606          0.0012857160655678         -0.0000003086753197
         -0.0009091402892853          0.0006368256478541          0.0000000713757877
         -0.0000000410697168         -0.0000000255058736          0.0000667921460392
     2    54
      1.3891279170436981E+01      5.3467558448788148E+00      0.0000000000000000E+00
         -0.0010985429998072          0.0009089247138759         -0.0000001315614113
         -0.0012855993445483          0.0006367845980617          0.0000001812630255
         -0.0000000157224971         -0.0000000401400977          0.0000667921460394
     2    55
      1.1576065975286980E+01      9.3568227292325012E+00      0.0000000000000000E+00
          0.0000397203556100         -0.0019427145347935          0.0000000246816861
          0.0002522080763616         -0.0005014803203092          0.0000001243992584
         -0.0000000019368220          0.0000000176498610          0.0000667921460395
     2    56
     -4.6301984468755109E-10     -1.0693511692535925E+01      0.0000000000000000E+00
          0.0003658771092588          0.0004403599219832         -0.0000000748688924
         -0.0017542508337614         -0.0008276383254339         -0.0000001815127891
          0.0000000420001171         -0.0000000255058736          0.0000667921460395
     2    57
      4.6304263898369804E+00     -1.0693511692535925E+01      0.0000000000000000E+00
          0.0003658771092599         -0.0004400659352012         -0.0000001967372687
          0.0017543590017206         -0.0008276360934575         -0.0000002949924689
         -0.0000000182822193          0.0000000107498118          0.0000667921460392
     2    58
     -6.9456395859130202E+00      9.3568227292325012E+00      0.0000000000000000E+00
          0.0000397203556094          0.0019429800928212          0.0000003262107814
         -0.0002520416398364         -0.0005014797378562          0.0000000400824132
         -0.0000000248820195         -0.0000000161599022          0.0000667921460395
     2    59
     -4.6301984468755109E-10      1.3366889613586183E+01      0.0000000000000000E+00
          0.0003659836925618          0.0017544411460205          0.0000001686862443
         -0.0004401123112968         -0.0008276803785393          0.0000002351589208
          0.0000000258124198         -0.0000000161599022          0.0000667921460392
     2    60
      4.6304263898369804E+00      1.3366889613586183E+01      0.0000000000000000E+00
          0.0003659836925607         -0.0017542654619979          0.0000001795984101
          0.0004404514173662         -0.0008276781465629          0.0000003153626010
         -0.0000000160851385          0.0000000094813266          0.0000667921460395
     2    61
      2.3152131946869341E+00     -1.3366889623773006E+00     -1.2000000000000000E+01
          0.0000000000000000          0.0000000000000000          0.0000000000000000
          0.0000000000000000          0.0000000000000000          0.0000000000000000
          0.0000000000000000          0.0000000000000000          0.0000000000000000
     2    62
      2.3152131946869341E+00     -1.3366889623773006E+00      1.2000000000000000E+01
          0.0000000000000000          0.0000000000000000          0.0000000000000000
          0.0000000000000000          0.0000000000000000          0.0000000000000000
          0.0000000000000000          0.0000000000000000          0.0000000000000000
     2    63
      4.6304263898369342E+00      2.6733779219763845E+00     -1.2000000000000000E+01
          0.0000000000000000          0.0000000000000000          0.0000000000000000
          0.0000000000000000          0.0000000000000000          0.0000000000000000
          0.0000000000000000          0.0000000000000000          0.0000000000000000
     2    64
      4.6304263898369342E+00      2.6733779219763845E+00      1.2000000000000000E+01
          0.0000000000000000          0.0000000000000000          0.0000000000000000
          0.0000000000000000          0.0000000000000000          0.0000000000000000
          0.0000000000000000          0.0000000000000000          0.0000000000000000
     2    65
     -4.6306602996537549E-10      2.6733779219763845E+00     -1.2000000000000000E+01
          0.0000000000000000          0.0000000000000000          0.0000000000000000
          0.0000000000000000          0.0000000000000000          0.0000000000000000
          0.0000000000000000          0.0000000000000000          0.0000000000000000
     2    66
     -4.6306602996537549E-10      2.6733779219763845E+00      1.2000000000000000E+01
          0.0000000000000000          0.0000000000000000          0.0000000000000000
          0.0000000000000000          0.0000000000000000          0.0000000000000000
          0.0000000000000000          0.0000000000000000          0.0000000000000000
     2    67
     -4.6301940059834124E-10     -2.6733779238285558E+00     -1.2000000000000000E+01
          0.0000000000000000          0.0000000000000000          0.0000000000000000
          0.0000000000000000          0.0000000000000000          0.0000000000000000
          0.0000000000000000          0.0000000000000000          0.0000000000000000
     2    68
     -4.6301940059834124E-10     -2.6733779238285558E+00      1.2000000000000000E+01
          0.0000000000000000          0.0000000000000000          0.0000000000000000
          0.0000000000000000          0.0000000000000000          0.0000000000000000
          0.0000000000000000          0.0000000000000000          0.0000000000000000
     2    69
     -2.3152131956130200E+00      1.3366889605251295E+00     -1.2000000000000000E+01
          0.0000000000000000          0.0000000000000000          0.0000000000000000
          0.0000000000000000          0.0000000000000000          0.0000000000000000
          0.0000000000000000          0.0000000000000000          0.0000000000000000
     2    70
     -2.3152131956130200E+00      1.3366889605251295E+00      1.2000000000000000E+01
          0.0000000000000000          0.0000000000000000          0.0000000000000000
          0.0000000000000000          0.0000000000000000          0.0000000000000000
          0.0000000000000000          0.0000000000000000          0.0000000000000000
     2    71
      4.6304263898369804E+00     -2.6733779238285558E+00     -1.2000000000000000E+01
          0.0000000000000000          0.0000000000000000          0.0000000000000000
          0.0000000000000000          0.0000000000000000          0.0000000000000000
          0.0000000000000000          0.0000000000000000          0.0000000000000000
     2    72
      4.6304263898369804E+00     -2.6733779238285558E+00      1.2000000000000000E+01
          0.0000000000000000          0.0000000000000000          0.0000000000000000
          0.0000000000000000          0.0000000000000000          0.0000000000000000
          0.0000000000000000          0.0000000000000000          0.0000000000000000
     2    73
     -4.6301984468755109E-10      5.3467558448788148E+00     -1.2000000000000000E+01
          0.0000000000000000          0.0000000000000000          0.0000000000000000
          0.0000000000000000          0.0000000000000000          0.0000000000000000
          0.0000000000000000          0.0000000000000000          0.0000000000000000
     2    74
     -4.6301984468755109E-10      5.3467558448788148E+00      1.2000000000000000E+01
          0.0000000000000000          0.0000000000000000          0.0000000000000000
          0.0000000000000000          0.0000000000000000          0.0000000000000000
          0.0000000000000000          0.0000000000000000          0.0000000000000000
     2    75
      6.9456395849869805E+00      1.3366889605251295E+00     -1.2000000000000000E+01
          0.0000000000000000          0.0000000000000000          0.0000000000000000
          0.0000000000000000          0.0000000000000000          0.0000000000000000
          0.0000000000000000          0.0000000000000000          0.0000000000000000
     2    76
      6.9456395849869805E+00      1.3366889605251295E+00      1.2000000000000000E+01
          0.0000000000000000          0.0000000000000000          0.0000000000000000
          0.0000000000000000          0.0000000000000000          0.0000000000000000
          0.0000000000000000          0.0000000000000000          0.0000000000000000
     2    77
      4.6304263898369804E+00      5.3467558448788148E+00     -1.2000000000000000E+01
          0.0000000000000000          0.0000000000000000          0.0000000000000000
          0.0000000000000000          0.0000000000000000          0.0000000000000000
          0.0000000000000000          0.0000000000000000          0.0000000000000000
     2    78
      4.6304263898369804E+00      5.3467558448788148E+00      1.2000000000000000E+01
          0.0000000000000000          0.0000000000000000          0.0000000000000000
          0.0000000000000000          0.0000000000000000          0.0000000000000000
          0.0000000000000000          0.0000000000000000          0.0000000000000000
     2    79
      6.9456395849869343E+00     -1.3366889623773006E+00     -1.2000000000000000E+01
          0.0000000000000000          0.0000000000000000          0.0000000000000000
          0.0000000000000000          0.0000000000000000          0.0000000000000000
          0.0000000000000000          0.0000000000000000          0.0000000000000000
     2    80
      6.9456395849869343E+00     -1.3366889623773006E+00      1.2000000000000000E+01
          0.0000000000000000          0.0000000000000000          0.0000000000000000
          0.0000000000000000          0.0000000000000000          0.0000000000000000
          0.0000000000000000          0.0000000000000000          0.0000000000000000
     2    81
     -2.3152131956130662E+00     -1.3366889623773006E+00     -1.2000000000000000E+01
          0.0000000000000000          0.0000000000000000          0.0000000000000000
          0.0000000000000000          0.0000000000000000          0.0000000000000000
          0.0000000000000000          0.0000000000000000          0.0000000000000000
     2    82
     -2.3152131956130662E+00     -1.3366889623773006E+00      1.2000000000000000E+01
          0.0000000000000000          0.0000000000000000          0.0000000000000000
          0.0000000000000000          0.0000000000000000          0.0000000000000000
          0.0000000000000000          0.0000000000000000          0.0000000000000000
     2    83
      2.3152131946869341E+00      6.6834448063300691E+00     -1.2000000000000000E+01
          0.0000000000000000          0.0000000000000000          0.0000000000000000
          0.0000000000000000          0.0000000000000000          0.0000000000000000
          0.0000000000000000          0.0000000000000000          0.0000000000000000
     2    84
      2.3152131946869341E+00      6.6834448063300691E+00      1.2000000000000000E+01
          0.0000000000000000          0.0000000000000000          0.0000000000000000
          0.0000000000000000          0.0000000000000000          0.0000000000000000
          0.0000000000000000          0.0000000000000000          0.0000000000000000
     2    85
      1.3891279170436935E+01     -5.3467558467309857E+00      0.0000000000000000E+00
          0.0003743419327623         -0.0009670937961888          0.0000002414079647
         -0.0009669630989231         -0.0007434307330150         -0.0000000778324060
         -0.0000002540267917          0.0000001911851182         -0.0000351228090404
     2    86
     -9.2608527810630648E+00     -5.3467558467309857E+00      0.0000000000000000E+00
          0.0003741773975276          0.0009669237016767         -0.0000002607588747
          0.0009665041691920         -0.0007432458821583         -0.0000000992129460
          0.0000002189802638          0.0000001864026006         -0.0000352504393348
     2    87
      2.3152131946869332E+00      1.4703578575037438E+01      0.0000000000000000E+00
         -0.0013006622223708         -0.0000006122818904         -0.0000000989937493
         -0.0000003828591273          0.0009317158135574          0.0000002865191961
         -0.0000000828642060         -0.0000002688654556         -0.0000352219817433
     2    88
     -1.1576065976213020E+01      1.3366889605251295E+00      0.0000000000000000E+00
         -0.0005645261734788          0.0002026165818492         -0.0000002992254060
         -0.0002035272172424         -0.0000862325884231         -0.0000000370926765
          0.0000000075436065          0.0000000103728485         -0.0000172714827139
     2    89
      1.6206492365586982E+01      1.3366889605251295E+00      0.0000000000000000E+00
         -0.0005645261734788         -0.0002035739114807          0.0000000582763260
          0.0002026837368866         -0.0000862306788162         -0.0000001006715405
         -0.0000000061780757         -0.0000000071290634         -0.0000172714827139
     2    90
     -4.6304263907630201E+00     -1.0693511692535925E+01      0.0000000000000000E+00
         -0.0002054634868696         -0.0004098145326301          0.0000001417291314
         -0.0000039061251321         -0.0004452933654262          0.0000002013383775
          0.0000000135154810         -0.0000000071290634         -0.0000172714827137
     2    91
      9.2608527801369807E+00     -1.0693511692535925E+01      0.0000000000000000E+00
         -0.0002054634868693          0.0004098998211879          0.0000000976755110
          0.0000038155825296         -0.0004452908832653          0.0000002096661036
          0.0000000036687027          0.0000000081356717         -0.0000172714827139
     2    92
     -4.6304263907630201E+00      1.3366889613586183E+01      0.0000000000000000E+00
         -0.0002054110099920          0.0000038980842612         -0.0000002191946573
          0.0004098660521925         -0.0004453502340710         -0.0000000483864526
          0.0000000036687026         -0.0000000014440232         -0.0000172714827139
     2    93
      9.2608527801369807E+00      1.3366889613586183E+01      0.0000000000000000E+00
         -0.0002054110099923         -0.0000039310984627          0.0000001083986615
         -0.0004097256566848         -0.0004453477519104         -0.0000000506876028
         -0.0000000002062012          0.0000000103728485         -0.0000172714827137
     2    94
      4.6304263898369342E+00     -5.3467558467309857E+00     -1.2000000000000000E+01
          0.0000000000000000          0.0000000000000000          0.0000000000000000
          0.0000000000000000          0.0000000000000000          0.0000000000000000
          0.0000000000000000          0.0000000000000000          0.0000000000000000
     2    95
      4.6304263898369342E+00     -5.3467558467309857E+00      1.2000000000000000E+01
          0.0000000000000000          0.0000000000000000          0.0000000000000000
          0.0000000000000000          0.0000000000000000          0.0000000000000000
          0.0000000000000000          0.0000000000000000          0.0000000000000000
     2    96
      9.2608527801369327E+00      2.6733779219763845E+00     -1.2000000000000000E+01
          0.0000000000000000          0.0000000000000000          0.0000000000000000
          0.0000000000000000          0.0000000000000000          0.0000000000000000
          0.0000000000000000          0.0000000000000000          0.0000000000000000
     2    97
      9.2608527801369327E+00      2.6733779219763845E+00      1.2000000000000000E+01
          0.0000000000000000          0.0000000000000000          0.0000000000000000
          0.0000000000000000          0.0000000000000000          0.0000000000000000
          0.0000000000000000          0.0000000000000000          0.0000000000000000
     2    98
     -4.6306602996537549E-10     -5.3467558467309857E+00     -1.2000000000000000E+01
          0.0000000000000000          0.0000000000000000          0.0000000000000000
          0.0000000000000000          0.0000000000000000          0.0000000000000000
          0.0000000000000000          0.0000000000000000          0.0000000000000000
     2    99
     -4.6306602996537549E-10     -5.3467558467309857E+00      1.2000000000000000E+01
          0.0000000000000000          0.0000000000000000          0.0000000000000000
          0.0000000000000000          0.0000000000000000          0.0000000000000000
          0.0000000000000000          0.0000000000000000          0.0000000000000000
     2   100
      6.9456395849869335E+00      6.6834448063300691E+00     -1.2000000000000000E+01
          0.0000000000000000          0.0000000000000000          0.0000000000000000
          0.0000000000000000          0.0000000000000000          0.0000000000000000
          0.0000000000000000          0.0000000000000000          0.0000000000000000
     2   101
      6.9456395849869335E+00      6.6834448063300691E+00      1.2000000000000000E+01
          0.0000000000000000          0.0000000000000000          0.0000000000000000
          0.0000000000000000          0.0000000000000000          0.0000000000000000
          0.0000000000000000          0.0000000000000000          0.0000000000000000
     2   102
     -4.6304263907630663E+00      2.6733779219763845E+00     -1.2000000000000000E+01
          0.0000000000000000          0.0000000000000000          0.0000000000000000
          0.0000000000000000          0.0000000000000000          0.0000000000000000
          0.0000000000000000          0.0000000000000000          0.0000000000000000
     2   103
     -4.6304263907630663E+00      2.6733779219763845E+00      1.2000000000000000E+01
          0.0000000000000000          0.0000000000000000          0.0000000000000000
          0.0000000000000000          0.0000000000000000          0.0000000000000000
          0.0000000000000000          0.0000000000000000          0.0000000000000000
     2   104
     -2.3152131956130662E+00      6.6834448063300691E+00     -1.2000000000000000E+01
          0.0000000000000000          0.0000000000000000          0.0000000000000000
          0.0000000000000000          0.0000000000000000          0.0000000000000000
          0.0000000000000000          0.0000000000000000          0.0000000000000000
     2   105
     -2.3152131956130662E+00      6.6834448063300691E+00      1.2000000000000000E+01
          0.0000000000000000          0.0000000000000000          0.0000000000000000
          0.0000000000000000          0.0000000000000000          0.0000000000000000
          0.0000000000000000          0.0000000000000000          0.0000000000000000
     2   106
      1.6206492365586936E+01     -1.3366889623773006E+00      0.0000000000000000E+00
          0.0001900345030883          0.0002180939773922          0.0000000596040075
          0.0002180536133065          0.0001558060079169         -0.0000000298311660
          0.0000001452457476         -0.0000001408437945          0.0000431509054659
     2   107
      1.1576065975286935E+01     -9.3568227310846730E+00      0.0000000000000000E+00
         -0.0000241990974695          0.0000944581537527         -0.0000000456361093
          0.0000944312110076          0.0003693851066205         -0.0000000229331330
          0.0000000159430374         -0.0000000311279107          0.0000430814365298
     2   108
     -6.9456395859130664E+00     -9.3568227310846730E+00      0.0000000000000000E+00
         -0.0000238626633107         -0.0000944666060592          0.0000001560951566
         -0.0000947855746450          0.0003694074868388          0.0000000321151293
          0.0000000476996698          0.0000000407998270          0.0000435122114553
     2   109
     -1.1576065976213066E+01     -1.3366889623773006E+00      0.0000000000000000E+00
          0.0001898664898712         -0.0002174205386459         -0.0000000416090773
         -0.0002179305852880          0.0001556437104390         -0.0000000105408256
         -0.0000001016398641         -0.0000000780153645          0.0000427482250884
     2   110
      6.9456395849869335E+00      1.4703578575037438E+01      0.0000000000000000E+00
          0.0003525264290618          0.0001225714619232          0.0000000023499977
          0.0001229771284740         -0.0000073119040331         -0.0000001638967085
         -0.0000000330811244         -0.0000001159102032          0.0000431095332669
     2   111
     -2.3152131956130670E+00      1.4703578575037438E+01      0.0000000000000000E+00
          0.0003529202850769         -0.0001235038176511         -0.0000000075255719
         -0.0001233438855335         -0.0000071530308879         -0.0000000449486528
          0.0000000561435737          0.0000000728812052          0.0000430229115963
     2   112
     -4.6304263907630201E+00     -2.6733779238285558E+00     -1.2000000000000000E+01
          0.0000000000000000          0.0000000000000000          0.0000000000000000
          0.0000000000000000          0.0000000000000000          0.0000000000000000
          0.0000000000000000          0.0000000000000000          0.0000000000000000
     2   113
     -4.6304263907630201E+00     -2.6733779238285558E+00      1.2000000000000000E+01
          0.0000000000000000          0.0000000000000000          0.0000000000000000
          0.0000000000000000          0.0000000000000000          0.0000000000000000
          0.0000000000000000          0.0000000000000000          0.0000000000000000
     2   114
      2.3152131946869803E+00     -6.6834448081822400E+00     -1.2000000000000000E+01
          0.0000000000000000          0.0000000000000000          0.0000000000000000
          0.0000000000000000          0.0000000000000000          0.0000000000000000
          0.0000000000000000          0.0000000000000000          0.0000000000000000
     2   115
      2.3152131946869803E+00     -6.6834448081822400E+00      1.2000000000000000E+01
          0.0000000000000000          0.0000000000000000          0.0000000000000000
          0.0000000000000000          0.0000000000000000          0.0000000000000000
          0.0000000000000000          0.0000000000000000          0.0000000000000000
     2   116
     -4.6304263907630201E+00      5.3467558448788148E+00     -1.2000000000000000E+01
          0.0000000000000000          0.0000000000000000          0.0000000000000000
          0.0000000000000000          0.0000000000000000          0.0000000000000000
          0.0000000000000000          0.0000000000000000          0.0000000000000000
     2   117
     -4.6304263907630201E+00      5.3467558448788148E+00      1.2000000000000000E+01
          0.0000000000000000          0.0000000000000000          0.0000000000000000
          0.0000000000000000          0.0000000000000000          0.0000000000000000
          0.0000000000000000          0.0000000000000000          0.0000000000000000
     2   118
      9.2608527801369807E+00     -2.6733779238285558E+00     -1.2000000000000000E+01
          0.0000000000000000          0.0000000000000000          0.0000000000000000
          0.0000000000000000          0.0000000000000000          0.0000000000000000
          0.0000000000000000          0.0000000000000000          0.0000000000000000
     2   119
      9.2608527801369807E+00     -2.6733779238285558E+00      1.2000000000000000E+01
          0.0000000000000000          0.0000000000000000          0.0000000000000000
          0.0000000000000000          0.0000000000000000          0.0000000000000000
          0.0000000000000000          0.0000000000000000          0.0000000000000000
     2   120
      2.3152131946869812E+00      9.3568227292325012E+00     -1.2000000000000000E+01
          0.0000000000000000          0.0000000000000000          0.0000000000000000
          0.0000000000000000          0.0000000000000000          0.0000000000000000
          0.0000000000000000          0.0000000000000000          0.0000000000000000
